<?xml version="1.0" encoding="UTF-8"?>
<airplanes>
    <airplane>
        <constructor>Rafale</constructor>
        <name>Dassault Aviation</name>
        <nickname>Rafale</nickname>
        <image_filename>K:/myhome_etud/S2/S2.01/groupe02/Application/src/Rafale_-_RIAT_2009_(3751416421).jpg</image_filename>
        <category>Chasseur</category>
        <long_description>Le Rafale de Dassault Aviation est un avion développé pour la Marine nationale et l'Armée de l'air françaises, livré à partir du 18 mai 2001 et entré en service en 2002 dans la Marine. Il équipe également les forces aériennes égyptiennes, qataris, indiennes, grecques et croates et a été commandé par les Émirats arabes unis, l'Indonésie et la Serbie. Fin 2024 Dassault Aviation totalise 507 commandes de Rafale depuis le début du programme dont 273 à l'export et 234 pour l'armée française.

Le constructeur Renault est propriétaire du nom Rafale depuis le Caudron C.460, et il a autorisé Dassault à l'utiliser pour baptiser son avion de combat.

À la fin des années 1970, les forces armées françaises expriment le besoin d'un nouvel avion de combat polyvalent qu'il est envisagé de développer avec l'Allemagne de l'Ouest, le Royaume-Uni, l'Espagne et l'Italie, mais les divergences de besoins, notamment la capacité d'opérer depuis un porte-avions, amènent la France à se désolidariser de ses partenaires en 1985. Le démonstrateur Rafale A vole le 4 juillet 1986 et le programme est lancé le 26 janvier 1988 : le monoplace Rafale C vole le 19 mai 1991, la version marine M, le 12 décembre de la même année, et le biplace B, le 30 avril 1993. Le coût total du programme est de 46,4 milliards d'euros.

L'avion est à aile delta et plans-canards, à commandes de vol électriques et utilise des éléments de furtivité passifs et actifs; il est équipé d'un radar à balayage électronique RBE2 et de deux moteurs Snecma M88. Pour la supériorité aérienne, il utilise des missiles air-air et un canon. En bombardement tactique, il utilise des bombes guidées laser, des missiles de croisière, des missiles antinavires et, en bombardement stratégique, un missile nucléaire ASMP-A.</long_description>
        <crew_members>1</crew_members>
        <commissioning_date></commissioning_date>
        <engineCount>2</engineCount>
        <engineType>turboreacteur</engineType>
        <operational_ceiling>15</operational_ceiling>
        <max_speed>1</max_speed>
        <countriesUsers>
            <country>
                <name>France</name>
                <number>50</number>
                <startDate>2025-06-12</startDate>
            </country>
            <country>
                <name>Germany</name>
                <number>30</number>
                <startDate>2003-06-13</startDate>
            </country>
        </countriesUsers>
    </airplane>
    <airplane>
        <constructor>Dassault Aviation</constructor>
        <name>Mirage 2000</name>
        <nickname>Mirage 2000</nickname>
        <image_filename>K:/myhome_etud/S2/S2.01/groupe02/Application/src/330px-Mirage_2000C_in-flight_2_(cropped).jpg</image_filename>
        <category>Chasseur</category>
        <long_description>Le Mirage 2000 est un avion de chasse conçu par la société française Dassault Aviation, à la fin des années 1970. Bien que la formule à ailes delta fasse penser au Mirage III des années 1960 et que le Mirage 2000 soit de taille comparable, il s'agit en fait d'un avion entièrement nouveau, avec une surface alaire plus importante, naturellement instable pour améliorer sa manœuvrabilité et équipé de commandes de vol électriques. Mis en service en 1984, le Mirage 2000 est principalement utilisé par l'Armée de l'air française qui en a reçu 315 exemplaires, tandis que 286 autres ont été exportés vers huit pays différents. </long_description>
        <crew_members>2</crew_members>
        <commissioning_date></commissioning_date>
        <engineCount>1</engineCount>
        <engineType>turboreacteur</engineType>
        <operational_ceiling>18</operational_ceiling>
        <max_speed>2340</max_speed>
        <countriesUsers>
            <country>
                <name>France</name>
                <number>50</number>
                <startDate>1984-06-15</startDate>
            </country>
            <country>
                <name>USA</name>
                <number>0</number>
                <startDate>2025-06-12</startDate>
            </country>
            <country>
                <name>Germany</name>
                <number>30</number>
                <startDate>1990-06-07</startDate>
            </country>
        </countriesUsers>
    </airplane>
    <airplane>
        <constructor>Boeing Integrated Defense Systems
Westinghouse Electric</constructor>
        <name>E-3 Sentry</name>
        <nickname>E-3 Sentry</nickname>
        <image_filename>K:/myhome_etud/S2/S2.01/groupe02/Application/src/E-3_Sentry_Airborne_Warning_and_Control_System_(AWACS)_conducts_a_mission.jpg</image_filename>
        <category>Observation</category>
        <long_description>Le Boeing E-3 Sentry (« sentinelle »), communément dénommé AWACS (Airborne Warning &amp; Control System), est un avion de détection et de commandement développé par Boeing en tant que maître d'œuvre. Dérivé du Boeing 707, il fournit une surveillance, un commandement, un contrôle et des communications tout-temps ; il est utilisé par l'United States Air Force (USAF), l'OTAN, la Royal Air Force (RAF), l'Armée de l'air française et la Force aérienne royale saoudienne. Le E-3 est reconnaissable à son dôme radar rotatif distinctif au-dessus du fuselage. La production s'achève en 1992 après la construction de 68 appareils.</long_description>
        <crew_members>19</crew_members>
        <commissioning_date></commissioning_date>
        <engineCount>4</engineCount>
        <engineType>turboreacteur</engineType>
        <operational_ceiling>12</operational_ceiling>
        <max_speed>855</max_speed>
        <countriesUsers>
            <country>
                <name>France</name>
                <number>25</number>
                <startDate>1977-06-15</startDate>
            </country>
            <country>
                <name>Germany</name>
                <number>40</number>
                <startDate>1977-06-17</startDate>
            </country>
            <country>
                <name>USA</name>
                <number>0</number>
                <startDate>2025-06-12</startDate>
            </country>
        </countriesUsers>
    </airplane>
    <airplane>
        <constructor>Airbus Defence and Space</constructor>
        <name>A330 MRTT</name>
        <nickname>A330 MRTT</nickname>
        <image_filename>K:/myhome_etud/S2/S2.01/groupe02/Application/src/Airbus A330 MRTT.jpg</image_filename>
        <category>Transport</category>
        <long_description>L'Airbus A330 Multi Role Tanker Transport (MRTT) est un modèle d'avion militaire de transport et de ravitaillement à large fuselage développé et construit par Airbus Defence and Space, et dérivé du modèle civil Airbus A330.

Mis en service en 2011, les A330 MRTT accumulaient en 2024 plus de 300 000 heures de vol(octobre 2015 plus de 56 400 heures de vol avec 14 220 atterrissages). En 2016, malgré l'augmentation de charges inattendue en raison du conflit au Moyen-Orient, 2 000 heures environ par mois, l'appareil était capable d'assurer 96 % de disponibilité d'après Airbus. De surcroît, selon le premier client, la RAAF, ses exemplaires ne subirent pas de problèmes de jeunesse, c'est pourquoi l'Australie décida de commander deux appareils supplémentaires.

De nos jours, il s'agit d'un appareil de ravitaillement en production, qui a atteint la maturité. En effet, tous ses systèmes sont pleinement fonctionnels. À la suite de la retraite du dernier exemplaire de McDonnell Douglas KC-10 Extender, tenue le 26 septembre 2024, l'A330 MRTT est également le plus grand avion ravitailleur exploité par les armées. </long_description>
        <crew_members>4</crew_members>
        <commissioning_date></commissioning_date>
        <engineCount>2</engineCount>
        <engineType>turboreacteur</engineType>
        <operational_ceiling>12</operational_ceiling>
        <max_speed>860</max_speed>
        <countriesUsers>
            <country>
                <name>USA</name>
                <number>10</number>
                <startDate>2011-06-17</startDate>
            </country>
        </countriesUsers>
    </airplane>
    <airplane>
        <constructor>Lockheed</constructor>
        <name>KC-130J</name>
        <nickname>KC-130J</nickname>
        <image_filename>K:/myhome_etud/S2/S2.01/groupe02/Application/src/C-130J_135th_AS_Maryland_ANG_in_flight.jpg</image_filename>
        <category>Entrainement</category>
        <long_description>Voici l'avion KC-130J de Lockheed ayant une vitesse maximale de de 860 kilomètres</long_description>
        <crew_members>3</crew_members>
        <commissioning_date></commissioning_date>
        <engineCount>4</engineCount>
        <engineType>turbopropulseurs</engineType>
        <operational_ceiling>8000</operational_ceiling>
        <max_speed>860</max_speed>
        <countriesUsers>
            <country>
                <name>USA</name>
                <number>20</number>
                <startDate>2001-06-08</startDate>
            </country>
        </countriesUsers>
    </airplane>
</airplanes>
